This is XeTeX, Version 3.14159265-2.6-0.999991 (TeX Live 2019) (preloaded format=xelatex 2019.6.2)  5 JUN 2019 07:09
entering extended mode
 restricted \write18 enabled.
 %&-line parsing enabled.
**data-mining-book.tex
(./data-mining-book.tex
LaTeX2e <2018-12-01>
(/Users/youngroklee/Library/TinyTeX/texmf-dist/tex/latex/base/book.cls
Document Class: book 2018/09/03 v1.4i Standard LaTeX document class
(/Users/youngroklee/Library/TinyTeX/texmf-dist/tex/latex/base/bk10.clo
File: bk10.clo 2018/09/03 v1.4i Standard LaTeX file (size option)
)
\c@part=\count80
\c@chapter=\count81
\c@section=\count82
\c@subsection=\count83
\c@subsubsection=\count84
\c@paragraph=\count85
\c@subparagraph=\count86
\c@figure=\count87
\c@table=\count88
\abovecaptionskip=\skip41
\belowcaptionskip=\skip42
\bibindent=\dimen102
) (/Users/youngroklee/Library/TinyTeX/texmf-dist/tex/latex/lm/lmodern.sty
Package: lmodern 2009/10/30 v1.6 Latin Modern Fonts
LaTeX Font Info:    Overwriting symbol font `operators' in version `normal'
(Font)                  OT1/cmr/m/n --> OT1/lmr/m/n on input line 22.
LaTeX Font Info:    Overwriting symbol font `letters' in version `normal'
(Font)                  OML/cmm/m/it --> OML/lmm/m/it on input line 23.
LaTeX Font Info:    Overwriting symbol font `symbols' in version `normal'
(Font)                  OMS/cmsy/m/n --> OMS/lmsy/m/n on input line 24.
LaTeX Font Info:    Overwriting symbol font `largesymbols' in version `normal'
(Font)                  OMX/cmex/m/n --> OMX/lmex/m/n on input line 25.
LaTeX Font Info:    Overwriting symbol font `operators' in version `bold'
(Font)                  OT1/cmr/bx/n --> OT1/lmr/bx/n on input line 26.
LaTeX Font Info:    Overwriting symbol font `letters' in version `bold'
(Font)                  OML/cmm/b/it --> OML/lmm/b/it on input line 27.
LaTeX Font Info:    Overwriting symbol font `symbols' in version `bold'
(Font)                  OMS/cmsy/b/n --> OMS/lmsy/b/n on input line 28.
LaTeX Font Info:    Overwriting symbol font `largesymbols' in version `bold'
(Font)                  OMX/cmex/m/n --> OMX/lmex/m/n on input line 29.
LaTeX Font Info:    Overwriting math alphabet `\mathbf' in version `normal'
(Font)                  OT1/cmr/bx/n --> OT1/lmr/bx/n on input line 31.
LaTeX Font Info:    Overwriting math alphabet `\mathsf' in version `normal'
(Font)                  OT1/cmss/m/n --> OT1/lmss/m/n on input line 32.
LaTeX Font Info:    Overwriting math alphabet `\mathit' in version `normal'
(Font)                  OT1/cmr/m/it --> OT1/lmr/m/it on input line 33.
LaTeX Font Info:    Overwriting math alphabet `\mathtt' in version `normal'
(Font)                  OT1/cmtt/m/n --> OT1/lmtt/m/n on input line 34.
LaTeX Font Info:    Overwriting math alphabet `\mathbf' in version `bold'
(Font)                  OT1/cmr/bx/n --> OT1/lmr/bx/n on input line 35.
LaTeX Font Info:    Overwriting math alphabet `\mathsf' in version `bold'
(Font)                  OT1/cmss/bx/n --> OT1/lmss/bx/n on input line 36.
LaTeX Font Info:    Overwriting math alphabet `\mathit' in version `bold'
(Font)                  OT1/cmr/bx/it --> OT1/lmr/bx/it on input line 37.
LaTeX Font Info:    Overwriting math alphabet `\mathtt' in version `bold'
(Font)                  OT1/cmtt/m/n --> OT1/lmtt/m/n on input line 38.
) (/Users/youngroklee/Library/TinyTeX/texmf-dist/tex/latex/amsfonts/amssymb.sty
Package: amssymb 2013/01/14 v3.01 AMS font symbols
(/Users/youngroklee/Library/TinyTeX/texmf-dist/tex/latex/amsfonts/amsfonts.sty
Package: amsfonts 2013/01/14 v3.01 Basic AMSFonts support
\@emptytoks=\toks14
\symAMSa=\mathgroup4
\symAMSb=\mathgroup5
LaTeX Font Info:    Overwriting math alphabet `\mathfrak' in version `bold'
(Font)                  U/euf/m/n --> U/euf/b/n on input line 106.
)) (/Users/youngroklee/Library/TinyTeX/texmf-dist/tex/latex/amsmath/amsmath.sty
Package: amsmath 2018/12/01 v2.17b AMS math features
\@mathmargin=\skip43
For additional information on amsmath, use the `?' option.
(/Users/youngroklee/Library/TinyTeX/texmf-dist/tex/latex/amsmath/amstext.sty
Package: amstext 2000/06/29 v2.01 AMS text
(/Users/youngroklee/Library/TinyTeX/texmf-dist/tex/latex/amsmath/amsgen.sty
File: amsgen.sty 1999/11/30 v2.0 generic functions
\@emptytoks=\toks15
\ex@=\dimen103
)) (/Users/youngroklee/Library/TinyTeX/texmf-dist/tex/latex/amsmath/amsbsy.sty
Package: amsbsy 1999/11/29 v1.2d Bold Symbols
\pmbraise@=\dimen104
) (/Users/youngroklee/Library/TinyTeX/texmf-dist/tex/latex/amsmath/amsopn.sty
Package: amsopn 2016/03/08 v2.02 operator names
)
\inf@bad=\count89
LaTeX Info: Redefining \frac on input line 223.
\uproot@=\count90
\leftroot@=\count91
LaTeX Info: Redefining \overline on input line 385.
\classnum@=\count92
\DOTSCASE@=\count93
LaTeX Info: Redefining \ldots on input line 482.
LaTeX Info: Redefining \dots on input line 485.
LaTeX Info: Redefining \cdots on input line 606.
\Mathstrutbox@=\box27
\strutbox@=\box28
\big@size=\dimen105
LaTeX Font Info:    Redeclaring font encoding OML on input line 729.
LaTeX Font Info:    Redeclaring font encoding OMS on input line 730.
\macc@depth=\count94
\c@MaxMatrixCols=\count95
\dotsspace@=\muskip10
\c@parentequation=\count96
\dspbrk@lvl=\count97
\tag@help=\toks16
\row@=\count98
\column@=\count99
\maxfields@=\count100
\andhelp@=\toks17
\eqnshift@=\dimen106
\alignsep@=\dimen107
\tagshift@=\dimen108
\tagwidth@=\dimen109
\totwidth@=\dimen110
\lineht@=\dimen111
\@envbody=\toks18
\multlinegap=\skip44
\multlinetaggap=\skip45
\mathdisplay@stack=\toks19
LaTeX Info: Redefining \[ on input line 2844.
LaTeX Info: Redefining \] on input line 2845.
) (/Users/youngroklee/Library/TinyTeX/texmf-dist/tex/generic/ifxetex/ifxetex.st
y
Package: ifxetex 2010/09/12 v0.6 Provides ifxetex conditional
)
(/Users/youngroklee/Library/TinyTeX/texmf-dist/tex/generic/oberdiek/ifluatex.st
y
Package: ifluatex 2016/05/16 v1.4 Provides the ifluatex switch (HO)
Package ifluatex Info: LuaTeX not detected.
) (/Users/youngroklee/Library/TinyTeX/texmf-dist/tex/latex/base/fixltx2e.sty
Package: fixltx2e 2016/12/29 v2.1a fixes to LaTeX (obsolete)
Applying: [2015/01/01] Old fixltx2e package on input line 46.

Package fixltx2e Warning: fixltx2e is not required with releases after 2015
(fixltx2e)                All fixes are now in the LaTeX kernel.
(fixltx2e)                See the latexrelease package for details.

Already applied: [0000/00/00] Old fixltx2e package on input line 53.
)
(/Users/youngroklee/Library/TinyTeX/texmf-dist/tex/xelatex/mathspec/mathspec.st
y
Package: mathspec 2016/12/22 v0.2b LaTeX Package (Mathematics font selection fo
r XeLaTeX)
(/Users/youngroklee/Library/TinyTeX/texmf-dist/tex/latex/etoolbox/etoolbox.sty
Package: etoolbox 2018/08/19 v2.5f e-TeX tools for LaTeX (JAW)
\etb@tempcnta=\count101
) (/Users/youngroklee/Library/TinyTeX/texmf-dist/tex/latex/fontspec/fontspec.st
y
(/Users/youngroklee/Library/TinyTeX/texmf-dist/tex/latex/l3packages/xparse/xpar
se.sty (/Users/youngroklee/Library/TinyTeX/texmf-dist/tex/latex/l3kernel/expl3.
sty
Package: expl3 2019-05-28 L3 programming layer (loader) 

(/Users/youngroklee/Library/TinyTeX/texmf-dist/tex/latex/l3kernel/expl3-code.te
x
Package: expl3 2019-05-28 L3 programming layer (code)
\c_max_int=\count102
\l_tmpa_int=\count103
\l_tmpb_int=\count104
\g_tmpa_int=\count105
\g_tmpb_int=\count106
\g__kernel_prg_map_int=\count107
\c__ior_term_ior=\count108
\c_log_iow=\count109
\l_iow_line_count_int=\count110
\l__iow_line_target_int=\count111
\l__iow_one_indent_int=\count112
\l__iow_indent_int=\count113
\c_zero_dim=\dimen112
\c_max_dim=\dimen113
\l_tmpa_dim=\dimen114
\l_tmpb_dim=\dimen115
\g_tmpa_dim=\dimen116
\g_tmpb_dim=\dimen117
\c_zero_skip=\skip46
\c_max_skip=\skip47
\l_tmpa_skip=\skip48
\l_tmpb_skip=\skip49
\g_tmpa_skip=\skip50
\g_tmpb_skip=\skip51
\c_zero_muskip=\muskip11
\c_max_muskip=\muskip12
\l_tmpa_muskip=\muskip13
\l_tmpb_muskip=\muskip14
\g_tmpa_muskip=\muskip15
\g_tmpb_muskip=\muskip16
\l_keys_choice_int=\count114
\l__intarray_loop_int=\count115
\c__intarray_sp_dim=\dimen118
\g__intarray_font_int=\count116
\c__fp_leading_shift_int=\count117
\c__fp_middle_shift_int=\count118
\c__fp_trailing_shift_int=\count119
\c__fp_big_leading_shift_int=\count120
\c__fp_big_middle_shift_int=\count121
\c__fp_big_trailing_shift_int=\count122
\c__fp_Bigg_leading_shift_int=\count123
\c__fp_Bigg_middle_shift_int=\count124
\c__fp_Bigg_trailing_shift_int=\count125
\g__fp_array_int=\count126
\l__fp_array_loop_int=\count127
\l__sort_length_int=\count128
\l__sort_min_int=\count129
\l__sort_top_int=\count130
\l__sort_max_int=\count131
\l__sort_true_max_int=\count132
\l__sort_block_int=\count133
\l__sort_begin_int=\count134
\l__sort_end_int=\count135
\l__sort_A_int=\count136
\l__sort_B_int=\count137
\l__sort_C_int=\count138
\l__tl_analysis_normal_int=\count139
\l__tl_analysis_index_int=\count140
\l__tl_analysis_nesting_int=\count141
\l__tl_analysis_type_int=\count142
\l__regex_internal_a_int=\count143
\l__regex_internal_b_int=\count144
\l__regex_internal_c_int=\count145
\l__regex_balance_int=\count146
\l__regex_group_level_int=\count147
\l__regex_mode_int=\count148
\c__regex_cs_in_class_mode_int=\count149
\c__regex_cs_mode_int=\count150
\l__regex_catcodes_int=\count151
\l__regex_default_catcodes_int=\count152
\c__regex_catcode_L_int=\count153
\c__regex_catcode_O_int=\count154
\c__regex_catcode_A_int=\count155
\c__regex_all_catcodes_int=\count156
\l__regex_show_lines_int=\count157
\l__regex_min_state_int=\count158
\l__regex_max_state_int=\count159
\l__regex_left_state_int=\count160
\l__regex_right_state_int=\count161
\l__regex_capturing_group_int=\count162
\l__regex_min_pos_int=\count163
\l__regex_max_pos_int=\count164
\l__regex_curr_pos_int=\count165
\l__regex_start_pos_int=\count166
\l__regex_success_pos_int=\count167
\l__regex_curr_char_int=\count168
\l__regex_curr_catcode_int=\count169
\l__regex_last_char_int=\count170
\l__regex_case_changed_char_int=\count171
\l__regex_curr_state_int=\count172
\l__regex_step_int=\count173
\l__regex_min_active_int=\count174
\l__regex_max_active_int=\count175
\l__regex_replacement_csnames_int=\count176
\l__regex_match_count_int=\count177
\l__regex_min_submatch_int=\count178
\l__regex_submatch_int=\count179
\l__regex_zeroth_submatch_int=\count180
\g__regex_trace_regex_int=\count181
\c_empty_box=\box29
\l_tmpa_box=\box30
\l_tmpb_box=\box31
\g_tmpa_box=\box32
\g_tmpb_box=\box33
\l__box_top_dim=\dimen119
\l__box_bottom_dim=\dimen120
\l__box_left_dim=\dimen121
\l__box_right_dim=\dimen122
\l__box_top_new_dim=\dimen123
\l__box_bottom_new_dim=\dimen124
\l__box_left_new_dim=\dimen125
\l__box_right_new_dim=\dimen126
\l__box_internal_box=\box34
\l__coffin_internal_box=\box35
\l__coffin_internal_dim=\dimen127
\l__coffin_offset_x_dim=\dimen128
\l__coffin_offset_y_dim=\dimen129
\l__coffin_x_dim=\dimen130
\l__coffin_y_dim=\dimen131
\l__coffin_x_prime_dim=\dimen132
\l__coffin_y_prime_dim=\dimen133
\c_empty_coffin=\box36
\l__coffin_aligned_coffin=\box37
\l__coffin_aligned_internal_coffin=\box38
\l_tmpa_coffin=\box39
\l_tmpb_coffin=\box40
\g_tmpa_coffin=\box41
\g_tmpb_coffin=\box42
\l__coffin_bounding_shift_dim=\dimen134
\l__coffin_left_corner_dim=\dimen135
\l__coffin_right_corner_dim=\dimen136
\l__coffin_bottom_corner_dim=\dimen137
\l__coffin_top_corner_dim=\dimen138
\l__coffin_scaled_total_height_dim=\dimen139
\l__coffin_scaled_width_dim=\dimen140
\c__coffin_empty_coffin=\box43
\l__coffin_display_coffin=\box44
\l__coffin_display_coord_coffin=\box45
\l__coffin_display_pole_coffin=\box46
\l__coffin_display_offset_dim=\dimen141
\l__coffin_display_x_dim=\dimen142
\l__coffin_display_y_dim=\dimen143
\g__file_internal_ior=\read1
\l__seq_internal_a_int=\count182
\l__seq_internal_b_int=\count183
\c__deprecation_minus_one=\count184
)
(/Users/youngroklee/Library/TinyTeX/texmf-dist/tex/latex/l3kernel/l3xdvipdfmx.d
ef
File: l3xdvipdfmx.def 2019-04-06 v L3 Experimental driver: xdvipdfmx
\l__driver_internal_box=\box47
\g__driver_graphics_int=\count185
\g__driver_pdf_object_int=\count186
\g__driver_pdf_annotation_int=\count187
))
Package: xparse 2019-05-28 L3 Experimental document command parser
\l__xparse_current_arg_int=\count188
\g__xparse_grabber_int=\count189
\l__xparse_m_args_int=\count190
\l__xparse_v_nesting_int=\count191
)
Package: fontspec 2019/03/15 v2.7c Font selection for XeLaTeX and LuaLaTeX

(/Users/youngroklee/Library/TinyTeX/texmf-dist/tex/latex/fontspec/fontspec-xete
x.sty
Package: fontspec-xetex 2019/03/15 v2.7c Font selection for XeLaTeX and LuaLaTe
X
\l__fontspec_script_int=\count192
\l__fontspec_language_int=\count193
\l__fontspec_strnum_int=\count194
\l__fontspec_tmp_int=\count195
\l__fontspec_tmpa_int=\count196
\l__fontspec_tmpb_int=\count197
\l__fontspec_tmpc_int=\count198
\l__fontspec_em_int=\count199
\l__fontspec_emdef_int=\count266
\l__fontspec_strong_int=\count267
\l__fontspec_strongdef_int=\count268
\l__fontspec_tmpa_dim=\dimen144
\l__fontspec_tmpb_dim=\dimen145
\l__fontspec_tmpc_dim=\dimen146
(/Users/youngroklee/Library/TinyTeX/texmf-dist/tex/latex/base/fontenc.sty
Package: fontenc 2018/08/11 v2.0j Standard LaTeX package
(/Users/youngroklee/Library/TinyTeX/texmf-dist/tex/latex/base/tuenc.def
File: tuenc.def 2018/08/11 v2.0j Standard LaTeX file
LaTeX Font Info:    Redeclaring font encoding TU on input line 82.
)) (/Users/youngroklee/Library/TinyTeX/texmf-dist/tex/latex/fontspec/fontspec.c
fg)
LaTeX Info: Redefining \itshape on input line 4051.
LaTeX Info: Redefining \slshape on input line 4056.
LaTeX Info: Redefining \scshape on input line 4061.
LaTeX Info: Redefining \upshape on input line 4066.
LaTeX Info: Redefining \em on input line 4096.
LaTeX Info: Redefining \emph on input line 4121.
)) (/Users/youngroklee/Library/TinyTeX/texmf-dist/tex/latex/xkeyval/xkeyval.sty
Package: xkeyval 2014/12/03 v2.7a package option processing (HA)
(/Users/youngroklee/Library/TinyTeX/texmf-dist/tex/generic/xkeyval/xkeyval.tex
(/Users/youngroklee/Library/TinyTeX/texmf-dist/tex/generic/xkeyval/xkvutils.tex
\XKV@toks=\toks20
\XKV@tempa@toks=\toks21
(/Users/youngroklee/Library/TinyTeX/texmf-dist/tex/generic/xkeyval/keyval.tex))
\XKV@depth=\count269
File: xkeyval.tex 2014/12/03 v2.7a key=value parser (HA)
))
\c@eu@=\count270
\c@eu@i=\count271
\c@mkern=\count272
) (/Users/youngroklee/Library/TinyTeX/texmf-dist/tex/latex/upquote/upquote.sty
Package: upquote 2012/04/19 v1.3 upright-quote and grave-accent glyphs in verba
tim
(/Users/youngroklee/Library/TinyTeX/texmf-dist/tex/latex/base/textcomp.sty
Package: textcomp 2018/08/11 v2.0j Standard LaTeX package
Package textcomp Info: Sub-encoding information:
(textcomp)               5 = only ISO-Adobe without \textcurrency
(textcomp)               4 = 5 + \texteuro
(textcomp)               3 = 4 + \textohm
(textcomp)               2 = 3 + \textestimated + \textcurrency
(textcomp)               1 = TS1 - \textcircled - \t
(textcomp)               0 = TS1 (full)
(textcomp)             Font families with sub-encoding setting implement
(textcomp)             only a restricted character set as indicated.
(textcomp)             Family '?' is the default used for unknown fonts.
(textcomp)             See the documentation for details.
Package textcomp Info: Setting ? sub-encoding to TS1/1 on input line 79.
(/Users/youngroklee/Library/TinyTeX/texmf-dist/tex/latex/base/ts1enc.def
File: ts1enc.def 2001/06/05 v3.0e (jk/car/fm) Standard LaTeX file
)
LaTeX Info: Redefining \oldstylenums on input line 334.
Package textcomp Info: Setting cmr sub-encoding to TS1/0 on input line 349.
Package textcomp Info: Setting cmss sub-encoding to TS1/0 on input line 350.
Package textcomp Info: Setting cmtt sub-encoding to TS1/0 on input line 351.
Package textcomp Info: Setting cmvtt sub-encoding to TS1/0 on input line 352.
Package textcomp Info: Setting cmbr sub-encoding to TS1/0 on input line 353.
Package textcomp Info: Setting cmtl sub-encoding to TS1/0 on input line 354.
Package textcomp Info: Setting ccr sub-encoding to TS1/0 on input line 355.
Package textcomp Info: Setting ptm sub-encoding to TS1/4 on input line 356.
Package textcomp Info: Setting pcr sub-encoding to TS1/4 on input line 357.
Package textcomp Info: Setting phv sub-encoding to TS1/4 on input line 358.
Package textcomp Info: Setting ppl sub-encoding to TS1/3 on input line 359.
Package textcomp Info: Setting pag sub-encoding to TS1/4 on input line 360.
Package textcomp Info: Setting pbk sub-encoding to TS1/4 on input line 361.
Package textcomp Info: Setting pnc sub-encoding to TS1/4 on input line 362.
Package textcomp Info: Setting pzc sub-encoding to TS1/4 on input line 363.
Package textcomp Info: Setting bch sub-encoding to TS1/4 on input line 364.
Package textcomp Info: Setting put sub-encoding to TS1/5 on input line 365.
Package textcomp Info: Setting uag sub-encoding to TS1/5 on input line 366.
Package textcomp Info: Setting ugq sub-encoding to TS1/5 on input line 367.
Package textcomp Info: Setting ul8 sub-encoding to TS1/4 on input line 368.
Package textcomp Info: Setting ul9 sub-encoding to TS1/4 on input line 369.
Package textcomp Info: Setting augie sub-encoding to TS1/5 on input line 370.
Package textcomp Info: Setting dayrom sub-encoding to TS1/3 on input line 371.
Package textcomp Info: Setting dayroms sub-encoding to TS1/3 on input line 372.

Package textcomp Info: Setting pxr sub-encoding to TS1/0 on input line 373.
Package textcomp Info: Setting pxss sub-encoding to TS1/0 on input line 374.
Package textcomp Info: Setting pxtt sub-encoding to TS1/0 on input line 375.
Package textcomp Info: Setting txr sub-encoding to TS1/0 on input line 376.
Package textcomp Info: Setting txss sub-encoding to TS1/0 on input line 377.
Package textcomp Info: Setting txtt sub-encoding to TS1/0 on input line 378.
Package textcomp Info: Setting lmr sub-encoding to TS1/0 on input line 379.
Package textcomp Info: Setting lmdh sub-encoding to TS1/0 on input line 380.
Package textcomp Info: Setting lmss sub-encoding to TS1/0 on input line 381.
Package textcomp Info: Setting lmssq sub-encoding to TS1/0 on input line 382.
Package textcomp Info: Setting lmvtt sub-encoding to TS1/0 on input line 383.
Package textcomp Info: Setting lmtt sub-encoding to TS1/0 on input line 384.
Package textcomp Info: Setting qhv sub-encoding to TS1/0 on input line 385.
Package textcomp Info: Setting qag sub-encoding to TS1/0 on input line 386.
Package textcomp Info: Setting qbk sub-encoding to TS1/0 on input line 387.
Package textcomp Info: Setting qcr sub-encoding to TS1/0 on input line 388.
Package textcomp Info: Setting qcs sub-encoding to TS1/0 on input line 389.
Package textcomp Info: Setting qpl sub-encoding to TS1/0 on input line 390.
Package textcomp Info: Setting qtm sub-encoding to TS1/0 on input line 391.
Package textcomp Info: Setting qzc sub-encoding to TS1/0 on input line 392.
Package textcomp Info: Setting qhvc sub-encoding to TS1/0 on input line 393.
Package textcomp Info: Setting futs sub-encoding to TS1/4 on input line 394.
Package textcomp Info: Setting futx sub-encoding to TS1/4 on input line 395.
Package textcomp Info: Setting futj sub-encoding to TS1/4 on input line 396.
Package textcomp Info: Setting hlh sub-encoding to TS1/3 on input line 397.
Package textcomp Info: Setting hls sub-encoding to TS1/3 on input line 398.
Package textcomp Info: Setting hlst sub-encoding to TS1/3 on input line 399.
Package textcomp Info: Setting hlct sub-encoding to TS1/5 on input line 400.
Package textcomp Info: Setting hlx sub-encoding to TS1/5 on input line 401.
Package textcomp Info: Setting hlce sub-encoding to TS1/5 on input line 402.
Package textcomp Info: Setting hlcn sub-encoding to TS1/5 on input line 403.
Package textcomp Info: Setting hlcw sub-encoding to TS1/5 on input line 404.
Package textcomp Info: Setting hlcf sub-encoding to TS1/5 on input line 405.
Package textcomp Info: Setting pplx sub-encoding to TS1/3 on input line 406.
Package textcomp Info: Setting pplj sub-encoding to TS1/3 on input line 407.
Package textcomp Info: Setting ptmx sub-encoding to TS1/4 on input line 408.
Package textcomp Info: Setting ptmj sub-encoding to TS1/4 on input line 409.
)) (/Users/youngroklee/Library/TinyTeX/texmf-dist/tex/latex/hyperref/hyperref.s
ty
Package: hyperref 2018/11/30 v6.88e Hypertext links for LaTeX

(/Users/youngroklee/Library/TinyTeX/texmf-dist/tex/generic/oberdiek/hobsub-hype
rref.sty
Package: hobsub-hyperref 2016/05/16 v1.14 Bundle oberdiek, subset hyperref (HO)


(/Users/youngroklee/Library/TinyTeX/texmf-dist/tex/generic/oberdiek/hobsub-gene
ric.sty
Package: hobsub-generic 2016/05/16 v1.14 Bundle oberdiek, subset generic (HO)
Package: hobsub 2016/05/16 v1.14 Construct package bundles (HO)
Package: infwarerr 2016/05/16 v1.4 Providing info/warning/error messages (HO)
Package: ltxcmds 2016/05/16 v1.23 LaTeX kernel commands for general use (HO)
Package hobsub Info: Skipping package `ifluatex' (already loaded).
Package: ifvtex 2016/05/16 v1.6 Detect VTeX and its facilities (HO)
Package ifvtex Info: VTeX not detected.
Package: intcalc 2016/05/16 v1.2 Expandable calculations with integers (HO)
Package: ifpdf 2018/09/07 v3.3 Provides the ifpdf switch
Package: etexcmds 2016/05/16 v1.6 Avoid name clashes with e-TeX commands (HO)
Package: kvsetkeys 2016/05/16 v1.17 Key value parser (HO)
Package: kvdefinekeys 2016/05/16 v1.4 Define keys (HO)
Package: pdftexcmds 2018/09/10 v0.29 Utility functions of pdfTeX for LuaTeX (HO
)
Package pdftexcmds Info: LuaTeX not detected.
Package pdftexcmds Info: pdfTeX >= 1.30 not detected.
Package pdftexcmds Info: \pdf@primitive is available.
Package pdftexcmds Info: \pdf@ifprimitive is available.
Package pdftexcmds Info: \pdfdraftmode not found.
Package: pdfescape 2016/05/16 v1.14 Implements pdfTeX's escape features (HO)
Package: bigintcalc 2016/05/16 v1.4 Expandable calculations on big integers (HO
)
Package: bitset 2016/05/16 v1.2 Handle bit-vector datatype (HO)
Package: uniquecounter 2016/05/16 v1.3 Provide unlimited unique counter (HO)
)
Package hobsub Info: Skipping package `hobsub' (already loaded).
Package: letltxmacro 2016/05/16 v1.5 Let assignment for LaTeX macros (HO)
Package: hopatch 2016/05/16 v1.3 Wrapper for package hooks (HO)
Package: xcolor-patch 2016/05/16 xcolor patch
Package: atveryend 2016/05/16 v1.9 Hooks at the very end of document (HO)
Package: atbegshi 2016/06/09 v1.18 At begin shipout hook (HO)
Package: refcount 2016/05/16 v3.5 Data extraction from label references (HO)
Package: hycolor 2016/05/16 v1.8 Color options for hyperref/bookmark (HO)
) (/Users/youngroklee/Library/TinyTeX/texmf-dist/tex/latex/oberdiek/auxhook.sty
Package: auxhook 2016/05/16 v1.4 Hooks for auxiliary files (HO)
)
(/Users/youngroklee/Library/TinyTeX/texmf-dist/tex/latex/oberdiek/kvoptions.sty
Package: kvoptions 2016/05/16 v3.12 Key value format for package options (HO)
)
\@linkdim=\dimen147
\Hy@linkcounter=\count273
\Hy@pagecounter=\count274
(/Users/youngroklee/Library/TinyTeX/texmf-dist/tex/latex/hyperref/pd1enc.def
File: pd1enc.def 2018/11/30 v6.88e Hyperref: PDFDocEncoding definition (HO)
)
\Hy@SavedSpaceFactor=\count275

(/Users/youngroklee/Library/TinyTeX/texmf-dist/tex/latex/latexconfig/hyperref.c
fg
File: hyperref.cfg 2002/06/06 v1.2 hyperref configuration of TeXLive
)
Package hyperref Info: Hyper figures OFF on input line 4519.
Package hyperref Info: Link nesting OFF on input line 4524.
Package hyperref Info: Hyper index ON on input line 4527.
Package hyperref Info: Plain pages OFF on input line 4534.
Package hyperref Info: Backreferencing OFF on input line 4539.
Package hyperref Info: Implicit mode ON; LaTeX internals redefined.
Package hyperref Info: Bookmarks ON on input line 4772.
\c@Hy@tempcnt=\count276
(/Users/youngroklee/Library/TinyTeX/texmf-dist/tex/latex/url/url.sty
\Urlmuskip=\muskip17
Package: url 2013/09/16  ver 3.4  Verb mode for urls, etc.
)
LaTeX Info: Redefining \url on input line 5125.
\XeTeXLinkMargin=\dimen148
\Fld@menulength=\count277
\Field@Width=\dimen149
\Fld@charsize=\dimen150
Package hyperref Info: Hyper figures OFF on input line 6380.
Package hyperref Info: Link nesting OFF on input line 6385.
Package hyperref Info: Hyper index ON on input line 6388.
Package hyperref Info: backreferencing OFF on input line 6395.
Package hyperref Info: Link coloring OFF on input line 6400.
Package hyperref Info: Link coloring with OCG OFF on input line 6405.
Package hyperref Info: PDF/A mode OFF on input line 6410.
LaTeX Info: Redefining \ref on input line 6450.
LaTeX Info: Redefining \pageref on input line 6454.
\Hy@abspage=\count278
\c@Item=\count279
\c@Hfootnote=\count280
)
Package hyperref Info: Driver (autodetected): hxetex.
(/Users/youngroklee/Library/TinyTeX/texmf-dist/tex/latex/hyperref/hxetex.def
File: hxetex.def 2018/11/30 v6.88e Hyperref driver for XeTeX
(/Users/youngroklee/Library/TinyTeX/texmf-dist/tex/latex/hyperref/puenc.def
File: puenc.def 2018/11/30 v6.88e Hyperref: PDF Unicode definition (HO)
)
(/Users/youngroklee/Library/TinyTeX/texmf-dist/tex/generic/oberdiek/stringenc.s
ty
Package: stringenc 2016/05/16 v1.11 Convert strings between diff. encodings (HO
)
)
\pdfm@box=\box48
\c@Hy@AnnotLevel=\count281
\HyField@AnnotCount=\count282
\Fld@listcount=\count283
\c@bookmark@seq@number=\count284

(/Users/youngroklee/Library/TinyTeX/texmf-dist/tex/latex/oberdiek/rerunfilechec
k.sty
Package: rerunfilecheck 2016/05/16 v1.8 Rerun checks for auxiliary files (HO)
Package uniquecounter Info: New unique counter `rerunfilecheck' on input line 2
82.
)
\Hy@SectionHShift=\skip52
)
Package hyperref Info: Option `unicode' set `true' on input line 29.

(/Users/youngroklee/Library/TinyTeX/texmf-dist/tex/generic/oberdiek/se-ascii-pr
int.def
File: se-ascii-print.def 2016/05/16 v1.11 stringenc: Printable ASCII characters

)
Package hyperref Info: Option `breaklinks' set `true' on input line 29.
(/Users/youngroklee/Library/TinyTeX/texmf-dist/tex/latex/natbib/natbib.sty
Package: natbib 2010/09/13 8.31b (PWD, AO)
\bibhang=\skip53
\bibsep=\skip54
LaTeX Info: Redefining \cite on input line 694.
\c@NAT@ctr=\count285
) (/Users/youngroklee/Library/TinyTeX/texmf-dist/tex/latex/graphics/color.sty
Package: color 2016/07/10 v1.1e Standard LaTeX Color (DPC)

(/Users/youngroklee/Library/TinyTeX/texmf-dist/tex/latex/graphics-cfg/color.cfg
File: color.cfg 2016/01/02 v1.6 sample color configuration
)
Package color Info: Driver file: xetex.def on input line 147.

(/Users/youngroklee/Library/TinyTeX/texmf-dist/tex/latex/graphics-def/xetex.def
File: xetex.def 2017/06/24 v5.0h Graphics/color driver for xetex
)) (/Users/youngroklee/Library/TinyTeX/texmf-dist/tex/latex/fancyvrb/fancyvrb.s
ty
Package: fancyvrb 2019/01/15
Style option: `fancyvrb' v3.2a <2019/01/15> (tvz)
\FV@CodeLineNo=\count286
\FV@InFile=\read2
\FV@TabBox=\box49
\c@FancyVerbLine=\count287
\FV@StepNumber=\count288
\FV@OutFile=\write3
) (/Users/youngroklee/Library/TinyTeX/texmf-dist/tex/latex/framed/framed.sty
Package: framed 2011/10/22 v 0.96: framed or shaded text with page breaks
\OuterFrameSep=\skip55
\fb@frw=\dimen151
\fb@frh=\dimen152
\FrameRule=\dimen153
\FrameSep=\dimen154
) (/Users/youngroklee/Library/TinyTeX/texmf-dist/tex/latex/tools/longtable.sty
Package: longtable 2014/10/28 v4.11 Multi-page Table package (DPC)+ FMi change
\LTleft=\skip56
\LTright=\skip57
\LTpre=\skip58
\LTpost=\skip59
\LTchunksize=\count289
\LTcapwidth=\dimen155
\LT@head=\box50
\LT@firsthead=\box51
\LT@foot=\box52
\LT@lastfoot=\box53
\LT@cols=\count290
\LT@rows=\count291
\c@LT@tables=\count292
\c@LT@chunks=\count293
\LT@p@ftn=\toks22
) (/Users/youngroklee/Library/TinyTeX/texmf-dist/tex/latex/booktabs/booktabs.st
y
Package: booktabs 2016/04/27 v1.618033 publication quality tables
\heavyrulewidth=\dimen156
\lightrulewidth=\dimen157
\cmidrulewidth=\dimen158
\belowrulesep=\dimen159
\belowbottomsep=\dimen160
\aboverulesep=\dimen161
\abovetopsep=\dimen162
\cmidrulesep=\dimen163
\cmidrulekern=\dimen164
\defaultaddspace=\dimen165
\@cmidla=\count294
\@cmidlb=\count295
\@aboverulesep=\dimen166
\@belowrulesep=\dimen167
\@thisruleclass=\count296
\@lastruleclass=\count297
\@thisrulewidth=\dimen168
) (/Users/youngroklee/Library/TinyTeX/texmf-dist/tex/latex/graphics/graphicx.st
y
Package: graphicx 2017/06/01 v1.1a Enhanced LaTeX Graphics (DPC,SPQR)
(/Users/youngroklee/Library/TinyTeX/texmf-dist/tex/latex/graphics/graphics.sty
Package: graphics 2017/06/25 v1.2c Standard LaTeX Graphics (DPC,SPQR)
(/Users/youngroklee/Library/TinyTeX/texmf-dist/tex/latex/graphics/trig.sty
Package: trig 2016/01/03 v1.10 sin cos tan (DPC)
)
(/Users/youngroklee/Library/TinyTeX/texmf-dist/tex/latex/graphics-cfg/graphics.
cfg
File: graphics.cfg 2016/06/04 v1.11 sample graphics configuration
)
Package graphics Info: Driver file: xetex.def on input line 99.
)
\Gin@req@height=\dimen169
\Gin@req@width=\dimen170
) (/Users/youngroklee/Library/TinyTeX/texmf-dist/tex/latex/oberdiek/grffile.sty
Package: grffile 2017/06/30 v1.18 Extended file name support for graphics (HO)
Package grffile Info: Option `multidot' is set to `true'.
Package grffile Info: Option `extendedchars' is set to `false'.
Package grffile Info: Option `space' is set to `true'.
Package grffile Info: \Gin@ii of package `graphicx' fixed on input line 494.
) (/Users/youngroklee/Library/TinyTeX/texmf-dist/tex/latex/titling/titling.sty
Package: titling 2009/09/04 v2.1d maketitle typesetting
\thanksmarkwidth=\skip60
\thanksmargin=\skip61
\droptitle=\skip62
) (/Users/youngroklee/Library/TinyTeX/texmf-dist/tex/latex/cjk-ko/kotex.sty
Package: kotex 2015/04/19 v1.6 Korean TeX (ko.TeX)
(/Users/youngroklee/Library/TinyTeX/texmf-dist/tex/xetex/xetexko/xetexko.sty
Package: xetexko 2018/04/19 v2.19 Typesetting Korean with XeTeX

(/Users/youngroklee/Library/TinyTeX/texmf-dist/tex/xetex/xetexko/xetexko-space.
sty
Package: xetexko-space 2018/04/19 v2.19 Spacings and fonts for XeTeX-ko
\XeTeXcharclassID=\XeTeXcharclass1
\XeTeXcharclassOP=\XeTeXcharclass2
\XeTeXcharclassCL=\XeTeXcharclass3

(/Users/youngroklee/Library/TinyTeX/texmf-dist/tex/generic/unicode-data/load-un
icode-xetex-classes.tex 
load-unicode-xetex-classes.tex v1.8 (2019-03-09)
Reading Unicode east Asian character class data
# LineBreak-12.0.0.txt 
# Date: 2019-01-21, 14:17:37 GMT [KW, LI] 
# EastAsianWidth-12.0.0.txt 
# Date: 2019-01-21, 14:12:58 GMT [KW, LI] 
)
\XKsmallkana=\XeTeXcharclass4
\XKcjkcolon=\XeTeXcharclass5
\XKcjkfullstop=\XeTeXcharclass6
\XKcjkliaison=\XeTeXcharclass7
\XKcjkextrastop=\XeTeXcharclass8
\XKcjksymbol=\XeTeXcharclass9
\XKhangulsyllable=\XeTeXcharclass10
\XKhanguljungjong=\XeTeXcharclass11
\XKlatinopening=\XeTeXcharclass12
\XKlatinclosing=\XeTeXcharclass13
\XKopeningquote=\XeTeXcharclass14
\XKclosingquote=\XeTeXcharclass15
\XKlatinfullstop=\XeTeXcharclass16
\XKlatinquestion=\XeTeXcharclass17
\XKlatinexclamation=\XeTeXcharclass18
\XKlatinhyphen=\XeTeXcharclass19
\XKlatincomma=\XeTeXcharclass20
\XKlatincolon=\XeTeXcharclass21
\XKlatinnumber=\XeTeXcharclass22
\XKhanjacombining=\XeTeXcharclass23
\XK@toks@=\toks23
\XKdotemphbox=\box54
)
(/Users/youngroklee/Library/TinyTeX/texmf-dist/tex/xetex/xetexko/xetexko-josa.s
ty
Package: xetexko-josa 2018/04/06 v2.18 Auto-josa for XeTeX-ko
\@josa=\count298
)
(/Users/youngroklee/Library/TinyTeX/texmf-dist/tex/xetex/xetexko/xetexko-font.s
ty
Package: xetexko-font 2018/08/08 v2.21 LaTeX Font commands for XeTeX-ko
)
(/Users/youngroklee/Library/TinyTeX/texmf-dist/tex/xetex/xetexko/xetexko-vertic
al.sty
Package: xetexko-vertical 2018/04/06 v2.18 Vertical environment for XeTeX-ko
\verticalem=\dimen171
)
(/Users/youngroklee/Library/TinyTeX/texmf-dist/tex/latex/cjk-ko/kolabels-utf.st
y
Package: kolabels-utf 2015/03/20 v1.5 UTF-8 Hangul item labels
))) (./data-mining-book.aux

LaTeX Warning: Label `-' multiply defined.


LaTeX Warning: Label `-' multiply defined.


LaTeX Warning: Label `-' multiply defined.


LaTeX Warning: Label `-' multiply defined.

)
\openout1 = `data-mining-book.aux'.

LaTeX Font Info:    Checking defaults for OML/cmm/m/it on input line 132.
LaTeX Font Info:    ... okay on input line 132.
LaTeX Font Info:    Checking defaults for T1/cmr/m/n on input line 132.
LaTeX Font Info:    ... okay on input line 132.
LaTeX Font Info:    Checking defaults for OT1/cmr/m/n on input line 132.
LaTeX Font Info:    ... okay on input line 132.
LaTeX Font Info:    Checking defaults for OMS/cmsy/m/n on input line 132.
LaTeX Font Info:    ... okay on input line 132.
LaTeX Font Info:    Checking defaults for TU/lmr/m/n on input line 132.
LaTeX Font Info:    ... okay on input line 132.
LaTeX Font Info:    Checking defaults for OMX/cmex/m/n on input line 132.
LaTeX Font Info:    ... okay on input line 132.
LaTeX Font Info:    Checking defaults for U/cmr/m/n on input line 132.
LaTeX Font Info:    ... okay on input line 132.
LaTeX Font Info:    Checking defaults for TS1/cmr/m/n on input line 132.
LaTeX Font Info:    Try loading font information for TS1+cmr on input line 132.

(/Users/youngroklee/Library/TinyTeX/texmf-dist/tex/latex/base/ts1cmr.fd
File: ts1cmr.fd 2014/09/29 v2.5h Standard LaTeX font definitions
)
LaTeX Font Info:    ... okay on input line 132.
LaTeX Font Info:    Checking defaults for PD1/pdf/m/n on input line 132.
LaTeX Font Info:    ... okay on input line 132.
LaTeX Font Info:    Checking defaults for PU/pdf/m/n on input line 132.
LaTeX Font Info:    ... okay on input line 132.
\AtBeginShipoutBox=\box55
Package hyperref Info: Link coloring OFF on input line 132.
(/Users/youngroklee/Library/TinyTeX/texmf-dist/tex/latex/hyperref/nameref.sty
Package: nameref 2016/05/21 v2.44 Cross-referencing by name of section

(/Users/youngroklee/Library/TinyTeX/texmf-dist/tex/generic/oberdiek/gettitlestr
ing.sty
Package: gettitlestring 2016/05/16 v1.5 Cleanup title references (HO)
)
\c@section@level=\count299
)
LaTeX Info: Redefining \ref on input line 132.
LaTeX Info: Redefining \pageref on input line 132.
LaTeX Info: Redefining \nameref on input line 132.
(./data-mining-book.out) (./data-mining-book.out)
\@outlinefile=\write4
\openout4 = `data-mining-book.out'.


Package fontspec Info: NanumMyeongjo scale = 0.9194661458333333.


Package fontspec Info: Could not resolve font "NanumMyeongjoExtraBold/I" (it
(fontspec)             probably doesn't exist).


Package fontspec Info: Could not resolve font "NanumMyeongjo/I" (it probably
(fontspec)             doesn't exist).


Package fontspec Info: NanumMyeongjo scale = 0.9194661458333333.


Package fontspec Info: NanumMyeongjoExtraBold scale = 0.9081147119341564.


Package fontspec Info: NanumMyeongjo/BI scale = 0.9081147119341564.


Package fontspec Info: Font family 'NanumMyeongjo(0)' created for font
(fontspec)             'NanumMyeongjo' with options
(fontspec)             [Ligatures=TeX,Scale=MatchLowercase,Ligatures=TeX,Render
er={OpenType},BoldFont={*ExtraBold}].
(fontspec)              
(fontspec)              This font family consists of the following NFSS
(fontspec)             series/shapes:
(fontspec)              
(fontspec)             - 'normal' (m/n) with NFSS spec.:
(fontspec)             <->s*[0.9194661458333333]"NanumMyeongjo/OT:mapping=tex-t
ext;"
(fontspec)             - 'small caps'  (m/sc) with NFSS spec.: 
(fontspec)             - 'bold' (bx/n) with NFSS spec.:
(fontspec)             <->s*[0.9081147119341564]"NanumMyeongjoExtraBold/OT:mapp
ing=tex-text;"
(fontspec)             - 'bold small caps'  (bx/sc) with NFSS spec.: 
(fontspec)             - 'bold italic' (bx/it) with NFSS spec.:
(fontspec)             <->s*[0.9081147119341564]"NanumMyeongjo/BI/OT:mapping=te
x-text;"
(fontspec)             - 'bold italic small caps'  (bx/itsc) with NFSS spec.: 

LaTeX Font Info:    Font shape `TU/NanumMyeongjo(0)/m/n' will be
(Font)              scaled to size 9.19464pt on input line 132.

Package fontspec Info: NanumGothic scale = 0.86199951171875.


Package fontspec Info: Could not resolve font "NanumGothic/I" (it probably
(fontspec)             doesn't exist).


Package fontspec Info: NanumGothic scale = 0.86199951171875.


Package fontspec Info: NanumGothic/B scale = 0.86199951171875.


Package fontspec Info: NanumGothic/BI scale = 0.86199951171875.


Package fontspec Info: Font family 'NanumGothic(0)' created for font
(fontspec)             'NanumGothic' with options
(fontspec)             [Ligatures=TeX,Scale=MatchLowercase,Ligatures=TeX,Render
er={OpenType}].
(fontspec)              
(fontspec)              This font family consists of the following NFSS
(fontspec)             series/shapes:
(fontspec)              
(fontspec)             - 'normal' (m/n) with NFSS spec.:
(fontspec)             <->s*[0.86199951171875]"NanumGothic/OT:mapping=tex-text;
"
(fontspec)             - 'small caps'  (m/sc) with NFSS spec.: 
(fontspec)             - 'bold' (bx/n) with NFSS spec.:
(fontspec)             <->s*[0.86199951171875]"NanumGothic/B/OT:mapping=tex-tex
t;"
(fontspec)             - 'bold small caps'  (bx/sc) with NFSS spec.: 
(fontspec)             - 'bold italic' (bx/it) with NFSS spec.:
(fontspec)             <->s*[0.86199951171875]"NanumGothic/BI/OT:mapping=tex-te
xt;"
(fontspec)             - 'bold italic small caps'  (bx/itsc) with NFSS spec.: 


Package fontspec Info: NanumGothic scale = 0.86199951171875.

LaTeX Font Info:    Font shape `TU/NanumGothic(0)/m/n' will be
(Font)              scaled to size 8.62pt on input line 132.
\symmathhangul=\mathgroup6
LaTeX Font Info:    Overwriting symbol font `mathhangul' in version `bold'
(Font)                  TU/NanumMyeongjo(0)/m/n --> TU/NanumMyeongjo(0)/bx/n on
 input line 132.
LaTeX Font Info:    Font shape `TU/NanumMyeongjo(0)/m/n' will be
(Font)              scaled to size 19.06969pt on input line 133.

LaTeX Font Warning: Font shape `TU/NanumMyeongjo(0)/m/it' undefined
(Font)              using `TU/NanumMyeongjo(0)/m/n' instead on input line 133.

LaTeX Font Info:    Font shape `TU/NanumMyeongjo(0)/m/n' will be
(Font)              scaled to size 11.03357pt on input line 133.
LaTeX Font Info:    Font shape `TU/NanumMyeongjo(0)/m/it' will be
(Font)              scaled to size 11.03357pt on input line 133.
[1


] [2

] (./data-mining-book.toc
LaTeX Font Info:    Font shape `TU/NanumMyeongjo(0)/bx/n' will be
(Font)              scaled to size 9.08112pt on input line 1.
LaTeX Font Info:    Try loading font information for OT1+lmr on input line 3.
(/Users/youngroklee/Library/TinyTeX/texmf-dist/tex/latex/lm/ot1lmr.fd
File: ot1lmr.fd 2009/10/30 v1.6 Font defs for Latin Modern
)
LaTeX Font Info:    Try loading font information for OML+lmm on input line 3.
(/Users/youngroklee/Library/TinyTeX/texmf-dist/tex/latex/lm/omllmm.fd
File: omllmm.fd 2009/10/30 v1.6 Font defs for Latin Modern
)
LaTeX Font Info:    Try loading font information for OMS+lmsy on input line 3.
(/Users/youngroklee/Library/TinyTeX/texmf-dist/tex/latex/lm/omslmsy.fd
File: omslmsy.fd 2009/10/30 v1.6 Font defs for Latin Modern
)
LaTeX Font Info:    Try loading font information for OMX+lmex on input line 3.
(/Users/youngroklee/Library/TinyTeX/texmf-dist/tex/latex/lm/omxlmex.fd
File: omxlmex.fd 2009/10/30 v1.6 Font defs for Latin Modern
)
LaTeX Font Info:    External font `lmex10' loaded for size
(Font)              <10> on input line 3.
LaTeX Font Info:    External font `lmex10' loaded for size
(Font)              <7> on input line 3.
LaTeX Font Info:    External font `lmex10' loaded for size
(Font)              <5> on input line 3.
LaTeX Font Info:    Try loading font information for U+msa on input line 3.
(/Users/youngroklee/Library/TinyTeX/texmf-dist/tex/latex/amsfonts/umsa.fd
File: umsa.fd 2013/01/14 v3.01 AMS symbols A
)
LaTeX Font Info:    Try loading font information for U+msb on input line 3.
(/Users/youngroklee/Library/TinyTeX/texmf-dist/tex/latex/amsfonts/umsb.fd
File: umsb.fd 2013/01/14 v3.01 AMS symbols B
)
LaTeX Font Info:    Font shape `TU/NanumMyeongjo(0)/m/n' will be
(Font)              scaled to size 6.43625pt on input line 3.
LaTeX Font Info:    Font shape `TU/NanumMyeongjo(0)/m/n' will be
(Font)              scaled to size 4.59732pt on input line 3.
[3] [4] [5])
\tf@toc=\write5
\openout5 = `data-mining-book.toc'.

[6]
LaTeX Font Info:    Font shape `TU/NanumMyeongjo(0)/bx/n' will be
(Font)              scaled to size 22.59381pt on input line 139.

Package hyperref Warning: Suppressing empty link on input line 142.

[7

] [8

]
Chapter 1.
LaTeX Font Info:    Font shape `TU/NanumMyeongjo(0)/bx/n' will be
(Font)              scaled to size 13.0768pt on input line 158.
LaTeX Font Info:    Font shape `TU/NanumMyeongjo(0)/bx/n' will be
(Font)              scaled to size 6.35678pt on input line 189.
LaTeX Font Info:    Font shape `TU/NanumMyeongjo(0)/bx/n' will be
(Font)              scaled to size 4.54056pt on input line 189.
[9]
LaTeX Font Info:    Font shape `TU/NanumMyeongjo(0)/bx/n' will be
(Font)              scaled to size 10.89734pt on input line 233.
LaTeX Font Info:    Font shape `TU/lmtt/bx/n' in size <10> not available
(Font)              Font shape `TU/lmtt/b/n' tried instead on input line 242.

LaTeX Font Warning: Font shape `TU/NanumMyeongjo(0)/m/sl' undefined
(Font)              using `TU/NanumMyeongjo(0)/m/n' instead on input line 263.

[10]
LaTeX Font Info:    Font shape `TU/NanumMyeongjo(0)/m/sl' will be
(Font)              scaled to size 9.19464pt on input line 302.
[11] [12] [13] [14]
Overfull \hbox (33.0pt too wide) in paragraph at lines 514--514
[]\TU/lmtt/m/n/10 ## Classes []tbl_df[], []tbl[] and []data.frame[]:    10 obs.
 of  3 variables:[] 
 []


Overfull \hbox (27.75pt too wide) in paragraph at lines 514--514
[]\TU/lmtt/m/n/10 ##  $ ts       : num  52.5 50.2 51.3 49.1 50.8 48.7 51.2 50.8
 49.3 51.5[] 
 []

[15]
File: data-mining-book_files/figure-latex/regression-ct-ts-by-thickness-plot-1.
pdf Graphic file (type pdf)
<use data-mining-book_files/figure-latex/regression-ct-ts-by-thickness-plot-1.p
df>
[16] [17] [18

]
Chapter 2.
[19] [20

]
Chapter 3.
[21] [22] [23] [24] [25] [26] [27] [28] [29] [30]

LaTeX Font Warning: Font shape `TU/NanumGothic(0)/m/it' undefined
(Font)              using `TU/NanumGothic(0)/m/n' instead on input line 1176.

LaTeX Font Info:    Font shape `TU/NanumGothic(0)/m/it' will be
(Font)              scaled to size 8.62pt on input line 1176.
[31]
Overfull \hbox (196.91068pt too wide) in paragraph at lines 1202--1218
 [][] 
 []

[32] [33] [34] [35] [36]
Chapter 4.
[37

]
Overfull \hbox (30.62566pt too wide) in paragraph at lines 1532--1555
 [][] 
 []

[38] [39] [40] [41] [42] [43] [44] [45] [46] [47] [48] [49] [50]
Overfull \hbox (63.78377pt too wide) in paragraph at lines 2191--2218
 [][] 
 []

[51]
Overfull \hbox (33.0pt too wide) in paragraph at lines 2248--2248
[]\TU/lmtt/m/n/10 ## (Intercept):1 (Intercept):2          x1:1          x1:2   
       x2:1[] 
 []


Overfull \hbox (33.0pt too wide) in paragraph at lines 2248--2248
[]\TU/lmtt/m/n/10 ##     -64.56378    -118.15274     102.65063     133.29235   
   10.86829[] 
 []

[52] [53]
Overfull \hbox (27.75pt too wide) in paragraph at lines 2367--2367
[]\TU/lmtt/m/n/10 ## VGAM::vglm(formula = y ~ N + L, family = VGAM::acat(revers
e = TRUE),[] 
 []


Overfull \hbox (33.0pt too wide) in paragraph at lines 2367--2367
[]\TU/lmtt/m/n/10 ## (Intercept):1 (Intercept):2           N:1           N:2   
        L:1[] 
 []


Overfull \hbox (33.0pt too wide) in paragraph at lines 2367--2367
[]\TU/lmtt/m/n/10 ##  -12.94227208   -6.10597713    0.31431599    0.04643039   
 0.17500408[] 
 []

[54] [55] [56]
Overfull \hbox (106.93277pt too wide) in paragraph at lines 2469--2489
 [][] 
 []


Underfull \vbox (badness 3000) has occurred while \output is active []

[57] [58]
Overfull \hbox (106.93277pt too wide) in paragraph at lines 2568--2588
 [][] 
 []

[59]
Overfull \hbox (33.0pt too wide) in paragraph at lines 2616--2616
[]\TU/lmtt/m/n/10 ## (Intercept):1 (Intercept):2           N:1           N:2   
        L:1[] 
 []


Overfull \hbox (33.0pt too wide) in paragraph at lines 2616--2616
[]\TU/lmtt/m/n/10 ##  -12.94227208   -6.10597713    0.31431599    0.04643039   
 0.17500408[] 
 []


Overfull \hbox (106.93277pt too wide) in paragraph at lines 2642--2662
 [][] 
 []

[60]
Chapter 5.
[61

] [62] [63]
Underfull \hbox (badness 2644) in paragraph at lines 2822--2823
[] \TU/NanumMyeongjo(0)/m/sl/10 또 한 범 주 별 표 본 분 산\TU/lmr/m/n/10 - \TU/NanumMyeo
ngjo(0)/m/sl/10 공 분 산 행 렬 $\OT1/lmr/bx/n/10 S[]\OML/lmm/m/it/10 ; \OT1/lmr/bx/n
/10 S[]$ \TU/NanumMyeongjo(0)/m/sl/10 를 다 음 과 같 이 구 한 다. 리 스 트
 []

[64] [65] [66] [67] [68] [69] [70]
Overfull \hbox (73.88063pt too wide) in paragraph at lines 3270--3286
 [][] 
 []

[71]
Overfull \hbox (119.70064pt too wide) in paragraph at lines 3332--3348
 [][] 
 []

[72] [73]
Overfull \hbox (119.70064pt too wide) in paragraph at lines 3410--3426
 [][] 
 []

[74] [75]
Overfull \hbox (239.68065pt too wide) in paragraph at lines 3509--3525
 [][] 
 []


Underfull \vbox (badness 2781) has occurred while \output is active []

[76] [77]
Overfull \hbox (73.88063pt too wide) in paragraph at lines 3640--3656
 [][] 
 []

[78]
Overfull \hbox (119.70064pt too wide) in paragraph at lines 3704--3720
 [][] 
 []


Underfull \vbox (badness 10000) has occurred while \output is active []

[79]
Underfull \vbox (badness 10000) has occurred while \output is active []

[80] [81] [82]
Overfull \hbox (17.25pt too wide) in paragraph at lines 3891--3891
[]\TU/lmtt/m/n/10 ##       x1    x2    x3    x4 class    id setosa versicolor v
irginica[] 
 []


Overfull \hbox (17.25pt too wide) in paragraph at lines 3891--3891
[]\TU/lmtt/m/n/10 ##    <dbl> <dbl> <dbl> <dbl> <fct> <int>  <dbl>      <dbl>  
   <dbl>[] 
 []


Overfull \hbox (17.25pt too wide) in paragraph at lines 3891--3891
[]\TU/lmtt/m/n/10 ##  1   5.1   3.5   1.4   0.2 seto~     1  1       5.57e-22  
6.34e-42[] 
 []


Overfull \hbox (17.25pt too wide) in paragraph at lines 3891--3891
[]\TU/lmtt/m/n/10 ##  2   4.9   3     1.4   0.2 seto~     2  1       3.32e-17  
5.67e-36[] 
 []


Overfull \hbox (17.25pt too wide) in paragraph at lines 3891--3891
[]\TU/lmtt/m/n/10 ##  3   4.7   3.2   1.3   0.2 seto~     3  1       2.75e-19  
2.14e-38[] 
 []


Overfull \hbox (17.25pt too wide) in paragraph at lines 3891--3891
[]\TU/lmtt/m/n/10 ##  4   4.6   3.1   1.5   0.2 seto~     4  1       8.12e-17  
5.62e-35[] 
 []


Overfull \hbox (17.25pt too wide) in paragraph at lines 3891--3891
[]\TU/lmtt/m/n/10 ##  5   5     3.6   1.4   0.2 seto~     5  1       1.14e-22  
1.25e-42[] 
 []


Overfull \hbox (17.25pt too wide) in paragraph at lines 3891--3891
[]\TU/lmtt/m/n/10 ##  6   5.4   3.9   1.7   0.4 seto~     6  1       3.20e-21  
4.38e-40[] 
 []


Overfull \hbox (17.25pt too wide) in paragraph at lines 3891--3891
[]\TU/lmtt/m/n/10 ##  7   4.6   3.4   1.4   0.3 seto~     7  1       8.74e-19  
4.07e-37[] 
 []


Overfull \hbox (17.25pt too wide) in paragraph at lines 3891--3891
[]\TU/lmtt/m/n/10 ##  8   5     3.4   1.5   0.2 seto~     8  1       3.27e-20  
1.62e-39[] 
 []


Overfull \hbox (17.25pt too wide) in paragraph at lines 3891--3891
[]\TU/lmtt/m/n/10 ##  9   4.4   2.9   1.4   0.2 seto~     9  1.000   2.22e-15  
3.42e-33[] 
 []


Overfull \hbox (17.25pt too wide) in paragraph at lines 3891--3891
[]\TU/lmtt/m/n/10 ## 10   4.9   3.1   1.5   0.1 seto~    10  1       9.36e-19  
4.85e-38[] 
 []


Overfull \hbox (22.5pt too wide) in paragraph at lines 3891--3891
[]\TU/lmtt/m/n/10 ## # ... with 80 more rows, and 1 more variable: predicted_cl
ass <fct>[] 
 []

[83] [84]
Chapter 6.
[85

]
File: data-mining-book_files/figure-latex/cart-basic-1.pdf Graphic file (type p
df)
<use data-mining-book_files/figure-latex/cart-basic-1.pdf>
[86]
Underfull \vbox (badness 10000) has occurred while \output is active []

[87] [88]
File: data-mining-book_files/figure-latex/firstsplit-1.pdf Graphic file (type p
df)
<use data-mining-book_files/figure-latex/firstsplit-1.pdf>
[89] [90]
File: data-mining-book_files/figure-latex/impurity-trend-1.pdf Graphic file (ty
pe pdf)
<use data-mining-book_files/figure-latex/impurity-trend-1.pdf>
[91]
Overfull \hbox (3.68013pt too wide) in paragraph at lines 4345--4361
 [][] 
 []

LaTeX Font Info:    Font shape `TU/NanumMyeongjo(0)/m/it' will be
(Font)              scaled to size 9.19464pt on input line 4363.
[92]
File: data-mining-book_files/figure-latex/snipped-1.pdf Graphic file (type pdf)

<use data-mining-book_files/figure-latex/snipped-1.pdf>
[93] [94]
File: data-mining-book_files/figure-latex/first-prune-result-1.pdf Graphic file
 (type pdf)
<use data-mining-book_files/figure-latex/first-prune-result-1.pdf>
File: data-mining-book_files/figure-latex/second-prune-result-1.pdf Graphic fil
e (type pdf)
<use data-mining-book_files/figure-latex/second-prune-result-1.pdf>
[95] [96] [97]
Overfull \hbox (4.99564pt too wide) in paragraph at lines 4631--4640
 [][] 
 []

[98]
File: data-mining-book_files/figure-latex/rpart-learn-1.png Graphic file (type 
bmp)
<data-mining-book_files/figure-latex/rpart-learn-1.png>

Underfull \vbox (badness 10000) has occurred while \output is active []

[99] [100] [101] [102]
Chapter 7.
[103

]
File: data-mining-book_files/figure-latex/linear-svm-basic-1.pdf Graphic file (
type pdf)
<use data-mining-book_files/figure-latex/linear-svm-basic-1.pdf>
[104] [105] [106]
Underfull \hbox (badness 1424) in paragraph at lines 5002--5003
[] \TU/NanumMyeongjo(0)/m/it/10 식 [] 의 제 약 식 은 모 두 \TU/lmr/m/n/10 inequality \T
U/NanumMyeongjo(0)/m/it/10 형 태 로, 식 [] 의 \TU/lmr/m/n/10 equality constraint
 []

[107] [108]
File: data-mining-book_files/figure-latex/linear-svm-basic-inseparable-1.pdf Gr
aphic file (type pdf)
<use data-mining-book_files/figure-latex/linear-svm-basic-inseparable-1.pdf>
[109] [110]
Overfull \vbox (1.03787pt too high) detected at line 5223
 []

[111] [112]
File: data-mining-book_files/figure-latex/linear-svm-inseparable-highcost-1.pdf
 Graphic file (type pdf)
<use data-mining-book_files/figure-latex/linear-svm-inseparable-highcost-1.pdf>

[113] [114]
File: data-mining-book_files/figure-latex/nonlinear-svm-basic-1.pdf Graphic fil
e (type pdf)
<use data-mining-book_files/figure-latex/nonlinear-svm-basic-1.pdf>
[115]
Underfull \vbox (badness 5302) has occurred while \output is active []

[116] [117]
File: data-mining-book_files/figure-latex/nonlinear-svm-radial-1.pdf Graphic fi
le (type pdf)
<use data-mining-book_files/figure-latex/nonlinear-svm-radial-1.pdf>
[118]
File: data-mining-book_files/figure-latex/nonlinear-svm-sigmoid-1.pdf Graphic f
ile (type pdf)
<use data-mining-book_files/figure-latex/nonlinear-svm-sigmoid-1.pdf>
LaTeX Font Info:    External font `lmex10' loaded for size
(Font)              <12> on input line 5600.
LaTeX Font Info:    External font `lmex10' loaded for size
(Font)              <8> on input line 5600.
LaTeX Font Info:    External font `lmex10' loaded for size
(Font)              <6> on input line 5600.
LaTeX Font Info:    Font shape `TU/NanumMyeongjo(0)/m/n' will be
(Font)              scaled to size 7.35571pt on input line 5600.
LaTeX Font Info:    Font shape `TU/NanumMyeongjo(0)/m/n' will be
(Font)              scaled to size 5.51678pt on input line 5600.

Underfull \vbox (badness 10000) has occurred while \output is active []

[119] [120]
File: data-mining-book_files/figure-latex/nu-svc-radial-1.pdf Graphic file (typ
e pdf)
<use data-mining-book_files/figure-latex/nu-svc-radial-1.pdf>
[121] [122]
Chapter 8.
[123

] [124] [125]
Overfull \hbox (59.25pt too wide) in paragraph at lines 5845--5845
[]\TU/lmtt/m/n/10 ##       Accuracy          Kappa  AccuracyLower  AccuracyUppe
r   AccuracyNull[] 
 []


Overfull \hbox (59.25pt too wide) in paragraph at lines 5845--5845
[]\TU/lmtt/m/n/10 ##      0.8500000      0.5714286      0.7646925      0.913545
6      0.8000000[] 
 []

[126] [127] [128]
File: data-mining-book_files/figure-latex/roc-example-1.pdf Graphic file (type 
pdf)
<use data-mining-book_files/figure-latex/roc-example-1.pdf>
[129] [130] [131]
Overfull \hbox (72.08pt too wide) in paragraph at lines 6141--6158
 [][] 
 []

[132]
File: data-mining-book_files/figure-latex/gain-chart-plot-1.pdf Graphic file (t
ype pdf)
<use data-mining-book_files/figure-latex/gain-chart-plot-1.pdf>
[133] [134

]
Chapter 9.
[135] [136] [137] [138] [139] [140] [141] [142]
Overfull \hbox (136.552pt too wide) in paragraph at lines 6675--6684
 [][] 
 []

[143] [144] [145] [146] [147] [148

]
Chapter 10.

Underfull \hbox (badness 3240) in paragraph at lines 6929--6931
[]$\OT1/lmr/bx/n/10 c[] \OT1/lmr/m/n/10 = []$\TU/NanumMyeongjo(0)/m/it/10 : 군 집
 $\OML/lmm/m/it/10 i$ \TU/NanumMyeongjo(0)/m/it/10 의 중 심 좌 표 \TU/lmr/m/n/10 (ce
ntroid) ($[] \OT1/lmr/m/n/10 =
 []


Overfull \hbox (124.26306pt too wide) in paragraph at lines 6942--6952
 [][] 
 []

[149] [150]
File: data-mining-book_files/figure-latex/pc-user-data-plot-1.pdf Graphic file 
(type pdf)
<use data-mining-book_files/figure-latex/pc-user-data-plot-1.pdf>
File: data-mining-book_files/figure-latex/pc-user-average-linkage-1.png Graphic
 file (type bmp)
<data-mining-book_files/figure-latex/pc-user-average-linkage-1.png>
[151] [152] [153] [154] [155] [156]
Overfull \hbox (80.25pt too wide) in paragraph at lines 7356--7356
[]\TU/lmtt/m/n/10 ## Iteration:  0 , k =  10 , clusters =  {1} {2} {3} {4} {5} 
{6} {7} {8} {9} {10}[] 
 []


Overfull \hbox (64.5pt too wide) in paragraph at lines 7394--7394
[]\TU/lmtt/m/n/10 ## Iteration:  1 , k =  9 , clusters =  {1} {2} {3} {4} {5} {
6} {7} {8} {10,9}[] 
 []


Overfull \hbox (54.0pt too wide) in paragraph at lines 7394--7394
[]\TU/lmtt/m/n/10 ## Iteration:  2 , k =  8 , clusters =  {1} {2} {3,7} {4} {5}
 {6} {8} {10,9}[] 
 []


Overfull \hbox (43.5pt too wide) in paragraph at lines 7394--7394
[]\TU/lmtt/m/n/10 ## Iteration:  3 , k =  7 , clusters =  {1,6} {2} {3,7} {4} {
5} {8} {10,9}[] 
 []


Overfull \hbox (33.0pt too wide) in paragraph at lines 7394--7394
[]\TU/lmtt/m/n/10 ## Iteration:  4 , k =  6 , clusters =  {1,6} {2} {3,7,5} {4}
 {8} {10,9}[] 
 []

[157]
Overfull \hbox (22.5pt too wide) in paragraph at lines 7394--7394
[]\TU/lmtt/m/n/10 ## Iteration:  5 , k =  5 , clusters =  {1,6,2} {3,7,5} {4} {
8} {10,9}[] 
 []


Overfull \hbox (12.0pt too wide) in paragraph at lines 7394--7394
[]\TU/lmtt/m/n/10 ## Iteration:  6 , k =  4 , clusters =  {1,6,2} {3,7,5} {4} {
10,9,8}[] 
 []


Overfull \hbox (1.5pt too wide) in paragraph at lines 7394--7394
[]\TU/lmtt/m/n/10 ## Iteration:  7 , k =  3 , clusters =  {1,6,2} {3,7,5,4} {10
,9,8}[] 
 []


Overfull \hbox (27.75pt too wide) in paragraph at lines 7428--7428
[]\TU/lmtt/m/n/10 ## [1] "merge"       "height"      "order"       "labels"    
  "method"[] 
 []

[158]
Overfull \hbox (54.0pt too wide) in paragraph at lines 7464--7464
[]\TU/lmtt/m/n/10 ## [1]  1.000000  1.000000  1.414214  1.825141  2.236068  2.5
32248  3.519028[] 
 []

[159]
File: data-mining-book_files/figure-latex/ward-dendrogram-1.png Graphic file (t
ype bmp)
<data-mining-book_files/figure-latex/ward-dendrogram-1.png>
[160] [161]
Underfull \hbox (badness 1616) in paragraph at lines 7634--7635
\TU/NanumMyeongjo(0)/m/it/10 수 \TU/lmtt/m/n/10 merge_cluster \TU/NanumMyeongjo(
0)/m/it/10 를 호 출 한 다. 이 함 수 는 두 입 력 변 수 \TU/lmtt/m/n/10 cluster_label \TU/Nanum
Myeongjo(0)/m/it/10 및
 []

[162]
Underfull \hbox (badness 1762) in paragraph at lines 7642--7643
[] \TU/NanumMyeongjo(0)/m/it/10 함 수 수 행 결 과, 입 력 된 \TU/lmtt/m/n/10 cluster_labe
l \TU/NanumMyeongjo(0)/m/it/10 에 서 군 집 이 름 이 \TU/lmtt/m/n/10 cluster_merge[1]
 []

[163]
Overfull \hbox (80.25pt too wide) in paragraph at lines 7706--7706
[]\TU/lmtt/m/n/10 ## Iteration:  0 , k =  8 , clusters =  {1} {2} {3} {4} {5} {
6} {7} {8} , SSW = 0[] 
 []


Overfull \hbox (69.75pt too wide) in paragraph at lines 7743--7743
[]\TU/lmtt/m/n/10 ## Iteration:  1 , k =  7 , clusters =  {1} {2,7} {3} {4} {5}
 {6} {8} , SSW = 1[] 
 []


Overfull \hbox (69.75pt too wide) in paragraph at lines 7743--7743
[]\TU/lmtt/m/n/10 ## Iteration:  2 , k =  6 , clusters =  {1,3} {2,7} {4} {5} {
6} {8} , SSW = 3.5[] 
 []


Overfull \hbox (48.75pt too wide) in paragraph at lines 7743--7743
[]\TU/lmtt/m/n/10 ## Iteration:  3 , k =  5 , clusters =  {1,3} {2,7} {4,8} {5}
 {6} , SSW = 6[] 
 []


Overfull \hbox (75.0pt too wide) in paragraph at lines 7743--7743
[]\TU/lmtt/m/n/10 ## Iteration:  4 , k =  4 , clusters =  {1,3} {2,7,5} {4,8} {
6} , SSW = 23.66667[] 
 []


Overfull \hbox (64.5pt too wide) in paragraph at lines 7743--7743
[]\TU/lmtt/m/n/10 ## Iteration:  5 , k =  3 , clusters =  {1,3,6} {2,7,5} {4,8}
 , SSW = 43.16667[] 
 []


Overfull \hbox (38.25pt too wide) in paragraph at lines 7743--7743
[]\TU/lmtt/m/n/10 ## Iteration:  6 , k =  2 , clusters =  {1,3,6} {2,7,5,4,8} ,
 SSW = 140.4[] 
 []


Overfull \hbox (38.25pt too wide) in paragraph at lines 7743--7743
[]\TU/lmtt/m/n/10 ## Iteration:  7 , k =  1 , clusters =  {1,3,6,2,7,5,4,8} , S
SW = 499.875[] 
 []

[164]
Overfull \hbox (8.32178pt too wide) detected at line 7771
[]
 []


Underfull \vbox (badness 10000) has occurred while \output is active []

[165]
Overfull \hbox (54.0pt too wide) in paragraph at lines 7811--7811
[]\TU/lmtt/m/n/10 ## [1]  1.414214  2.236068  2.236068  5.944185  6.244998 13.9
45131 26.813243[] 
 []

[166]
Overfull \hbox (85.36005pt too wide) in paragraph at lines 7853--7867
 [][] 
 []


Overfull \hbox (54.0pt too wide) in paragraph at lines 7882--7882
[]\TU/lmtt/m/n/10 ## [1]  1.414214  2.236068  2.236068  6.452039  6.615990 17.3
58484 39.311447[] 
 []

[167]
Overfull \hbox (40.09256pt too wide) detected at line 7891
[]\OML/lmm/m/it/10 D\OT1/lmr/m/n/10 (\OML/lmm/m/it/10 C[] \OMS/lmsy/m/n/10 [ \O
ML/lmm/m/it/10 C[]; C[]\OT1/lmr/m/n/10 ) = \OML/lmm/m/it/10 ^^K[]D\OT1/lmr/m/n/
10 (\OML/lmm/m/it/10 C[]; C[]\OT1/lmr/m/n/10 ) + \OML/lmm/m/it/10 ^^K[]D\OT1/lm
r/m/n/10 (\OML/lmm/m/it/10 C[]; C[]\OT1/lmr/m/n/10 ) + \OML/lmm/m/it/10 ^^LD\OT
1/lmr/m/n/10 (\OML/lmm/m/it/10 C[]; C[]\OT1/lmr/m/n/10 ) + \OML/lmm/m/it/10 ^^M
\OMS/lmsy/m/n/10 j\OML/lmm/m/it/10 D\OT1/lmr/m/n/10 (\OML/lmm/m/it/10 C[]; C[]\
OT1/lmr/m/n/10 ) \OMS/lmsy/m/n/10 ^^@ \OML/lmm/m/it/10 D\OT1/lmr/m/n/10 (\OML/l
mm/m/it/10 C[]; C[]\OT1/lmr/m/n/10 )\OMS/lmsy/m/n/10 j
 []


Overfull \hbox (54.0pt too wide) in paragraph at lines 7922--7922
[]\TU/lmtt/m/n/10 ## [1]   2.00000   5.00000   5.00000  35.33333  39.00000 194.
46667 718.95000[] 
 []

[168]
Overfull \hbox (54.0pt too wide) in paragraph at lines 7934--7934
[]\TU/lmtt/m/n/10 ## [1]  1.414214  2.236068  2.236068  5.944185  6.244998 13.9
45131 26.813243[] 
 []


Overfull \hbox (68.14005pt too wide) in paragraph at lines 7963--7977
 [][] 
 []

[169]
Overfull \hbox (54.0pt too wide) in paragraph at lines 7993--7993
[]\TU/lmtt/m/n/10 ## [1]  1.414214  2.236068  2.236068  5.944185  6.244998 13.9
45131 26.813243[] 
 []

[170]
File: data-mining-book_files/figure-latex/diana-result-plot-1.png Graphic file 
(type bmp)
<data-mining-book_files/figure-latex/diana-result-plot-1.png>
[171] [172] [173] [174]
Overfull \hbox (64.5pt too wide) in paragraph at lines 8326--8326
[]\TU/lmtt/m/n/10 ## Iteration:  1 , k =  2 , clusters =  {6,3,1} {2,4,5,7} , h
eight =  33.54102[] 
 []


Overfull \hbox (75.0pt too wide) in paragraph at lines 8326--8326
[]\TU/lmtt/m/n/10 ## Iteration:  2 , k =  3 , clusters =  {6,3,1} {2,4,5} {7} ,
 height =  17.88854[] 
 []


Overfull \hbox (85.5pt too wide) in paragraph at lines 8326--8326
[]\TU/lmtt/m/n/10 ## Iteration:  3 , k =  4 , clusters =  {1} {2,4,5} {3,6} {7}
 , height =  11.18034[] 
 []


Overfull \hbox (96.0pt too wide) in paragraph at lines 8326--8326
[]\TU/lmtt/m/n/10 ## Iteration:  4 , k =  5 , clusters =  {1} {2,4} {3,6} {5} {
7} , height =  10.04988[] 
 []


Overfull \hbox (106.5pt too wide) in paragraph at lines 8326--8326
[]\TU/lmtt/m/n/10 ## Iteration:  5 , k =  6 , clusters =  {1} {2} {3,6} {4} {5}
 {7} , height =  5.385165[] 
 []


Overfull \hbox (117.0pt too wide) in paragraph at lines 8326--8326
[]\TU/lmtt/m/n/10 ## Iteration:  6 , k =  7 , clusters =  {1} {2} {3} {4} {5} {
6} {7} , height =  5.385165[] 
 []


Underfull \vbox (badness 3568) has occurred while \output is active []

[175] [176]
Overfull \vbox (2.28998pt too high) detected at line 8441
 []

[177]
Overfull \hbox (148.72008pt too wide) in paragraph at lines 8470--8485
 [][] 
 []

[178]
File: data-mining-book_files/figure-latex/cluster-statistic-1.png Graphic file 
(type bmp)
<data-mining-book_files/figure-latex/cluster-statistic-1.png>
[179] [180

]
Chapter 11.
[181] [182]
File: data-mining-book_files/figure-latex/kmeans-cluster-1.png Graphic file (ty
pe bmp)
<data-mining-book_files/figure-latex/kmeans-cluster-1.png>
[183] [184] [185] [186] [187] [188] [189] [190] [191] [192] [193] [194] [195] [
196]
Underfull \vbox (badness 10000) detected at line 9510
 []


Underfull \vbox (badness 10000) detected at line 9510
 []

[197]
Underfull \vbox (badness 10000) detected at line 9510
 []


Underfull \vbox (badness 10000) detected at line 9510
 []

[198]
Overfull \vbox (0.78995pt too high) detected at line 9523
 []

[199] [200] [201] [202] [203] [204]
Overfull \vbox (1.63493pt too high) detected at line 9881
 []

[205]
Underfull \vbox (badness 10000) detected at line 9881
 []


Underfull \vbox (badness 10000) detected at line 9881
 []

[206] [207]
Overfull \hbox (38.25pt too wide) in paragraph at lines 9991--9991
[]\TU/lmtt/m/n/10 ##  [1] "membership"  "coeff"       "memb.exp"    "clustering
"  "k.crisp"[] 
 []

[208]
Overfull \hbox (38.25pt too wide) in paragraph at lines 9991--9991
[]\TU/lmtt/m/n/10 ##  [6] "objective"   "convergence" "diss"        "call"     
   "silinfo"[] 
 []

[209] [210] [211] [212] [213] [214] [215] [216]
Overfull \hbox (2.39355pt too wide) in paragraph at lines 10494--10503
 [][] 
 []

[217] [218] [219] [220]
Underfull \vbox (badness 10000) detected at line 10723
 []


Underfull \vbox (badness 10000) detected at line 10723
 []

[221] [222] [223] [224] [225] [226] [227]
Underfull \vbox (badness 1694) has occurred while \output is active []

[228]
Overfull \hbox (43.5pt too wide) in paragraph at lines 11119--11119
[]\TU/lmtt/m/n/10 ##         EII       VII       EEI       VEI       EVI       
VVI       EEE[] 
 []


Overfull \hbox (43.5pt too wide) in paragraph at lines 11119--11119
[]\TU/lmtt/m/n/10 ## 1 -85.40006 -85.40006 -85.70851 -85.70851 -85.70851 -85.70
851 -75.27433[] 
 []


Overfull \hbox (43.5pt too wide) in paragraph at lines 11119--11119
[]\TU/lmtt/m/n/10 ## 2 -62.00992 -63.86240 -63.37677 -65.22485 -65.32204 -67.17
013 -64.66516[] 
 []


Overfull \hbox (43.5pt too wide) in paragraph at lines 11119--11119
[]\TU/lmtt/m/n/10 ## 3 -65.47796        NA -66.01911        NA        NA       
 NA -67.87781[] 
 []


Overfull \hbox (43.5pt too wide) in paragraph at lines 11119--11119
[]\TU/lmtt/m/n/10 ## 4 -69.04346        NA -70.17240        NA        NA       
 NA -67.31282[] 
 []


Overfull \hbox (43.5pt too wide) in paragraph at lines 11119--11119
[]\TU/lmtt/m/n/10 ## 5 -72.02226        NA -73.96817        NA        NA       
 NA        NA[] 
 []


Overfull \hbox (43.5pt too wide) in paragraph at lines 11119--11119
[]\TU/lmtt/m/n/10 ## 6 -62.27998        NA -64.22589        NA        NA       
 NA        NA[] 
 []


Overfull \hbox (43.5pt too wide) in paragraph at lines 11119--11119
[]\TU/lmtt/m/n/10 ## 7        NA        NA        NA        NA        NA       
 NA        NA[] 
 []


Overfull \hbox (43.5pt too wide) in paragraph at lines 11119--11119
[]\TU/lmtt/m/n/10 ##         EVE       VEE       VVE       EEV       VEV       
EVV       VVV[] 
 []


Overfull \hbox (43.5pt too wide) in paragraph at lines 11119--11119
[]\TU/lmtt/m/n/10 ## 1 -75.27433 -75.27433 -75.27433 -75.27433 -75.27433 -75.27
433 -75.27433[] 
 []


Overfull \hbox (43.5pt too wide) in paragraph at lines 11119--11119
[]\TU/lmtt/m/n/10 ## 2 -65.06811 -66.60332 -66.92481 -65.42506 -67.34154 -66.55
375 -68.44666[] 
 []


Overfull \hbox (43.5pt too wide) in paragraph at lines 11119--11119
[]\TU/lmtt/m/n/10 ## 3        NA        NA        NA -71.48895        NA       
 NA        NA[] 
 []


Overfull \hbox (43.5pt too wide) in paragraph at lines 11119--11119
[]\TU/lmtt/m/n/10 ## 4        NA        NA        NA        NA        NA       
 NA        NA[] 
 []


Overfull \hbox (43.5pt too wide) in paragraph at lines 11119--11119
[]\TU/lmtt/m/n/10 ## 5        NA        NA        NA        NA        NA       
 NA        NA[] 
 []


Overfull \hbox (43.5pt too wide) in paragraph at lines 11119--11119
[]\TU/lmtt/m/n/10 ## 6        NA        NA        NA        NA        NA       
 NA        NA[] 
 []


Overfull \hbox (43.5pt too wide) in paragraph at lines 11119--11119
[]\TU/lmtt/m/n/10 ## 7        NA        NA        NA        NA        NA       
 NA        NA[] 
 []

File: data-mining-book_files/figure-latex/mclust-opt-result-plot-1.png Graphic 
file (type bmp)
<data-mining-book_files/figure-latex/mclust-opt-result-plot-1.png>
[229] [230]
Chapter 12.
[231

]
Overfull \hbox (15.52649pt too wide) detected at line 11230
\OML/lmm/m/it/10 u[] \OT1/lmr/m/n/10 = [] \OML/lmm/m/it/10 ;  i \OT1/lmr/m/n/10
 = 1\OML/lmm/m/it/10 ; []  ; n;  k \OT1/lmr/m/n/10 = 1\OML/lmm/m/it/10 ; []  ; 
r
 []


Overfull \hbox (12.55838pt too wide) detected at line 11237
\OML/lmm/m/it/10 v[] \OT1/lmr/m/n/10 = [] \OML/lmm/m/it/10 ;  i \OT1/lmr/m/n/10
 = 1\OML/lmm/m/it/10 ; []  ; n;  k \OT1/lmr/m/n/10 = 1\OML/lmm/m/it/10 ; []  ; 
s
 []

[232]

Package amsmath Warning: Foreign command \atopwithdelims;
(amsmath)                \frac or \genfrac should be used instead
(amsmath)                 on input line 11257.

[233] [234]
File: data-mining-book_files/figure-latex/rand-index-random-1.png Graphic file 
(type bmp)
<data-mining-book_files/figure-latex/rand-index-random-1.png>
[235] [236] [237] [238] [239] [240] [241] [242] [243] [244] [245] [246

]
Chapter 13.
[247] [248] [249] [250] [251]
Overfull \hbox (64.5pt too wide) in paragraph at lines 12201--12201
[]\TU/lmtt/m/n/10 ## [1] "{a, b}" "{b, c}" "{b, e}" "{b, f}" "{b, g}" "{c, e}" 
"{c, f}" "{c, g}"[] 
 []


Overfull \hbox (1.5pt too wide) in paragraph at lines 12201--12201
[]\TU/lmtt/m/n/10 ## [1] "{b, c, e}" "{b, c, f}" "{b, c, g}" "{b, e, f}" "{c, e
, f}"[] 
 []

[252] [253] [254] [255] [256]
Overfull \vbox (0.25995pt too high) detected at line 12577
 []

[257] [258] [259] [260] [261]
Overfull \hbox (1.5pt too wide) in paragraph at lines 12847--12847
[]\TU/lmtt/m/n/10 ## [1] "<{1}>"      "<{2}>"      "<{3}>"      "<{4}>"      "<
{5}>"[] 
 []

[262] [263] [264] [265] [266]
Chapter 14.
[267

] [268] [269] [270] [271] [272]
Underfull \vbox (badness 10000) detected at line 13266
 []


Underfull \vbox (badness 10000) detected at line 13266
 []

[273] [274] [275] [276] [277] [278] [279]
Overfull \hbox (12.0pt too wide) in paragraph at lines 13612--13612
[]\TU/lmtt/m/n/10 ##   target_customer ref_customer target_p ref_p common_p sim
ilarity[] 
 []


Overfull \hbox (12.0pt too wide) in paragraph at lines 13612--13612
[]\TU/lmtt/m/n/10 ##   <chr>           <chr>           <dbl> <dbl>    <dbl>    
  <dbl>[] 
 []

[280] (./data-mining-book.bbl [281] [282

] [283] [284])
Package atveryend Info: Empty hook `BeforeClearDocument' on input line 13651.
[285]
Package atveryend Info: Empty hook `AfterLastShipout' on input line 13651.
(./data-mining-book.aux)
Package atveryend Info: Empty hook `AtVeryEndDocument' on input line 13651.
Package atveryend Info: Executing hook `AtEndAfterFileList' on input line 13651
.
Package rerunfilecheck Info: File `data-mining-book.out' has not changed.
(rerunfilecheck)             Checksum: 0FD134EFB2394D8F6EF427A198D1B811.

LaTeX Font Warning: Some font shapes were not available, defaults substituted.


LaTeX Warning: There were multiply-defined labels.

 ) 
Here is how much of TeX's memory you used:
 26386 strings out of 494894
 473786 string characters out of 6173844
 573181 words of memory out of 5000000
 29991 multiletter control sequences out of 15000+600000
 576990 words of font info for 116 fonts, out of 8000000 for 9000
 14 hyphenation exceptions out of 8191
 50i,21n,125p,813b,2559s stack positions out of 5000i,500n,10000p,200000b,80000s

Output written on data-mining-book.pdf (285 pages).
